<?xml version="1.0" encoding="UTF-8"?>
<testng-results ignored="0" total="2" passed="2" failed="0" skipped="0">
  <reporter-output>
  </reporter-output>
  <suite started-at="2025-03-26T00:38:02 IST" name="MasterSuite" finished-at="2025-03-26T00:38:17 IST" duration-ms="14866">
    <groups>
      <group name="Master">
        <method signature="TC001_AccountRegistrationTest.Register_Verification()[pri:0, instance:testCases.TC001_AccountRegistrationTest@7516e4e5]" name="Register_Verification" class="testCases.TC001_AccountRegistrationTest"/>
        <method signature="TC002_LoginTest.Verify_Login()[pri:0, instance:testCases.TC002_LoginTest@4189d70b]" name="Verify_Login" class="testCases.TC002_LoginTest"/>
      </group> <!-- Master -->
      <group name="Sanity">
        <method signature="TC002_LoginTest.Verify_Login()[pri:0, instance:testCases.TC002_LoginTest@4189d70b]" name="Verify_Login" class="testCases.TC002_LoginTest"/>
      </group> <!-- Sanity -->
      <group name="Regression">
        <method signature="TC001_AccountRegistrationTest.Register_Verification()[pri:0, instance:testCases.TC001_AccountRegistrationTest@7516e4e5]" name="Register_Verification" class="testCases.TC001_AccountRegistrationTest"/>
      </group> <!-- Regression -->
    </groups>
    <test started-at="2025-03-26T00:38:02 IST" name="Linux-chrome" finished-at="2025-03-26T00:38:17 IST" duration-ms="14866">
      <class name="testCases.TC002_LoginTest">
        <test-method is-config="true" signature="setup(java.lang.String,java.lang.String)[pri:0, instance:testCases.TC002_LoginTest@4189d70b]" started-at="2025-03-26T00:38:12 IST" name="setup" finished-at="2025-03-26T00:38:14 IST" duration-ms="2772" status="PASS">
          <params>
            <param index="0">
              <value>
                <![CDATA[Linux]]>
              </value>
            </param>
            <param index="1">
              <value>
                <![CDATA[chrome]]>
              </value>
            </param>
          </params>
          <reporter-output>
          </reporter-output>
        </test-method> <!-- setup -->
        <test-method signature="Verify_Login()[pri:0, instance:testCases.TC002_LoginTest@4189d70b]" started-at="2025-03-26T00:38:14 IST" name="Verify_Login" finished-at="2025-03-26T00:38:16 IST" duration-ms="2145" status="PASS">
          <reporter-output>
          </reporter-output>
        </test-method> <!-- Verify_Login -->
        <test-method is-config="true" signature="TearDown()[pri:0, instance:testCases.TC002_LoginTest@4189d70b]" started-at="2025-03-26T00:38:16 IST" name="TearDown" finished-at="2025-03-26T00:38:17 IST" duration-ms="258" status="PASS">
          <reporter-output>
          </reporter-output>
        </test-method> <!-- TearDown -->
      </class> <!-- testCases.TC002_LoginTest -->
      <class name="testCases.TC001_AccountRegistrationTest">
        <test-method is-config="true" signature="setup(java.lang.String,java.lang.String)[pri:0, instance:testCases.TC001_AccountRegistrationTest@7516e4e5]" started-at="2025-03-26T00:38:02 IST" name="setup" finished-at="2025-03-26T00:38:08 IST" duration-ms="6025" status="PASS">
          <params>
            <param index="0">
              <value>
                <![CDATA[Linux]]>
              </value>
            </param>
            <param index="1">
              <value>
                <![CDATA[chrome]]>
              </value>
            </param>
          </params>
          <reporter-output>
          </reporter-output>
        </test-method> <!-- setup -->
        <test-method signature="Register_Verification()[pri:0, instance:testCases.TC001_AccountRegistrationTest@7516e4e5]" started-at="2025-03-26T00:38:08 IST" name="Register_Verification" finished-at="2025-03-26T00:38:11 IST" duration-ms="2941" status="PASS">
          <reporter-output>
          </reporter-output>
        </test-method> <!-- Register_Verification -->
        <test-method is-config="true" signature="TearDown()[pri:0, instance:testCases.TC001_AccountRegistrationTest@7516e4e5]" started-at="2025-03-26T00:38:11 IST" name="TearDown" finished-at="2025-03-26T00:38:12 IST" duration-ms="237" status="PASS">
          <reporter-output>
          </reporter-output>
        </test-method> <!-- TearDown -->
      </class> <!-- testCases.TC001_AccountRegistrationTest -->
    </test> <!-- Linux-chrome -->
  </suite> <!-- MasterSuite -->
</testng-results>
